============================= test session starts ==============================
platform linux -- Python 3.13.5, pytest-9.0.3, pluggy-1.5.0 -- /home/admin1/miniconda3/bin/python
cachedir: .pytest_cache
rootdir: /source/python/code/healthexpert
configfile: pytest.ini
plugins: anyio-4.13.0, langsmith-0.8.6, cov-7.1.0
collecting ... collected 15 items / 1 error

==================================== ERRORS ====================================
____________________ ERROR collecting tests/test_config.py _____________________
ImportError while importing test module '/source/python/code/healthexpert/tests/test_config.py'.
Hint: make sure your test modules/packages have valid Python names.
Traceback:
/home/admin1/miniconda3/lib/python3.13/site-packages/_pytest/python.py:507: in importtestmodule
    mod = import_path(
/home/admin1/miniconda3/lib/python3.13/site-packages/_pytest/pathlib.py:587: in import_path
    importlib.import_module(module_name)
/home/admin1/miniconda3/lib/python3.13/importlib/__init__.py:88: in import_module
    return _bootstrap._gcd_import(name[level:], package, level)
           ^^^^^^^^^^^^^^^^^^^^^^^^^^^^^^^^^^^^^^^^^^^^^^^^^^^^
<frozen importlib._bootstrap>:1387: in _gcd_import
    ???
<frozen importlib._bootstrap>:1360: in _find_and_load
    ???
<frozen importlib._bootstrap>:1331: in _find_and_load_unlocked
    ???
<frozen importlib._bootstrap>:935: in _load_unlocked
    ???
/home/admin1/miniconda3/lib/python3.13/site-packages/_pytest/assertion/rewrite.py:197: in exec_module
    exec(co, module.__dict__)
tests/test_config.py:22: in <module>
    from healthexpert import config
E   ModuleNotFoundError: No module named 'healthexpert'
=========================== short test summary info ============================
ERROR tests/test_config.py
!!!!!!!!!!!!!!!!!!!! Interrupted: 1 error during collection !!!!!!!!!!!!!!!!!!!!
=============================== 1 error in 0.23s ===============================
